<?xml version="1.0" encoding="UTF-8"?>
<!-- Generated by org.testng.reporters.JUnitReportReporter -->
<testsuite skipped="0" hostname="TECHMASST300004" name="RestAssured.RestAssured.Test_POST" tests="2" failures="0" timestamp="2020-12-15T15:59:23 IST" time="3.507" errors="0">
  <testcase name="Test_01" time="3.071" classname="RestAssured.RestAssured.Test_POST"/>
  <system-out/>
  <testcase name="Test_02_PUT" time="0.436" classname="RestAssured.RestAssured.Test_POST"/>
  <system-out/>
</testsuite> <!-- RestAssured.RestAssured.Test_POST -->
