<?xml version="1.0" encoding="UTF-8"?>
<!-- Generated by org.testng.reporters.JUnitReportReporter -->
<testsuite skipped="0" hostname="TECHMASST300004" name="Selenium.Datapro" tests="4" failures="0" timestamp="2020-12-22T17:48:43 IST" time="0.021" errors="0">
  <testcase name="myTest" time="0.013" classname="Selenium.Datapro"/>
  <system-out/>
  <testcase name="myTest1" time="0.003" classname="Selenium.Datapro"/>
  <system-out/>
  <testcase name="myTest" time="0.003" classname="Selenium.Datapro"/>
  <system-out/>
  <testcase name="myTest1" time="0.002" classname="Selenium.Datapro"/>
  <system-out/>
</testsuite> <!-- Selenium.Datapro -->
