<?xml version="1.0" encoding="UTF-8"?>
<!-- Generated by org.testng.reporters.JUnitReportReporter -->
<testsuite skipped="0" hostname="TECHMASST300004" name="com.qa.Test.GETapiTest" tests="1" failures="0" timestamp="2020-12-16T14:05:30 IST" time="1.813" errors="0">
  <testcase name="getAPITest" time="1.813" classname="com.qa.Test.GETapiTest"/>
  <system-out/>
</testsuite> <!-- com.qa.Test.GETapiTest -->
