<?xml version="1.0" encoding="UTF-8"?>
<!-- Generated by org.testng.reporters.JUnitReportReporter -->
<testsuite skipped="0" hostname="TECHMASST300004" name="RestAssured.RestAssured.Test_GET" tests="1" failures="0" timestamp="2020-12-15T15:17:11 IST" time="3.405" errors="0">
  <testcase name="Test_01" time="3.405" classname="RestAssured.RestAssured.Test_GET"/>
  <system-out/>
</testsuite> <!-- RestAssured.RestAssured.Test_GET -->
