<?xml version="1.0" encoding="UTF-8"?>
<!-- Generated by org.testng.reporters.JUnitReportReporter -->
<testsuite skipped="2" hostname="TECHMASST300004" name="RestAssured.RestAssured.GETcallBDD" tests="3" failures="0" timestamp="2021-01-04T16:37:12 IST" time="4.922" errors="0">
  <testcase name="Test_02" time="4.922" classname="RestAssured.RestAssured.GETcallBDD"/>
  <system-out/>
  <testcase name="Test_01" classname="RestAssured.RestAssured.GETcallBDD">
    <skipped/>
  </testcase> <!-- Test_01 -->
  <system-out/>
  <testcase name="test_numberofcircuitsFor2017_Season" classname="RestAssured.RestAssured.GETcallBDD">
    <skipped/>
  </testcase> <!-- test_numberofcircuitsFor2017_Season -->
  <system-out/>
</testsuite> <!-- RestAssured.RestAssured.GETcallBDD -->
