<?xml version="1.0" encoding="UTF-8"?>
<!-- Generated by org.testng.reporters.JUnitReportReporter -->
<testsuite skipped="0" hostname="TECHMASST300004" name="RestAssured.RestAssured.DataDrivenTest" tests="2" failures="0" timestamp="2020-12-16T13:47:45 IST" time="3.930" errors="0">
  <testcase name="Test_01" time="3.492" classname="RestAssured.RestAssured.DataDrivenTest"/>
  <system-out/>
  <testcase name="Test_01" time="0.438" classname="RestAssured.RestAssured.DataDrivenTest"/>
  <system-out/>
</testsuite> <!-- RestAssured.RestAssured.DataDrivenTest -->
