<?xml version="1.0" encoding="UTF-8"?>
<!-- Generated by org.testng.reporters.JUnitReportReporter -->
<testsuite skipped="0" hostname="TECHMASST300004" name="RestAssured.RestAssured.Test_PUT" tests="1" failures="0" timestamp="2020-12-15T16:01:45 IST" time="3.191" errors="0">
  <testcase name="Test_02_PUT" time="3.191" classname="RestAssured.RestAssured.Test_PUT"/>
  <system-out/>
</testsuite> <!-- RestAssured.RestAssured.Test_PUT -->
