<?xml version="1.0" encoding="UTF-8"?>
<!-- Generated by org.testng.reporters.JUnitReportReporter -->
<testsuite skipped="0" hostname="TECHMASST300004" name="RestAssured.RestAssured.TC_004_validateJSONresponse" tests="1" failures="0" timestamp="2020-12-16T17:25:39 IST" time="4.742" errors="0">
  <testcase name="getuserdetails" time="4.742" classname="RestAssured.RestAssured.TC_004_validateJSONresponse"/>
  <system-out/>
</testsuite> <!-- RestAssured.RestAssured.TC_004_validateJSONresponse -->
