<?xml version="1.0" encoding="UTF-8"?>
<!-- Generated by org.testng.reporters.JUnitReportReporter -->
<testsuite skipped="0" hostname="TECHMASST300004" name="RestAssured.RestAssured.TC_003_GET_ReadallHeaders" tests="1" failures="0" timestamp="2020-12-16T17:09:14 IST" time="5.853" errors="0">
  <testcase name="getuserdetails" time="5.853" classname="RestAssured.RestAssured.TC_003_GET_ReadallHeaders"/>
  <system-out/>
</testsuite> <!-- RestAssured.RestAssured.TC_003_GET_ReadallHeaders -->
