<?xml version="1.0" encoding="UTF-8"?>
<!-- Generated by org.testng.reporters.JUnitReportReporter -->
<testsuite skipped="1" hostname="TECHMASST300004" name="Selenium.ActionsClass" tests="2" failures="0" timestamp="2021-01-06T23:39:37 IST" time="12.074" errors="0">
  <testcase name="testMultipleWindows" time="12.074" classname="Selenium.ActionsClass"/>
  <system-out/>
  <testcase name="textInCaps" classname="Selenium.ActionsClass">
    <skipped/>
  </testcase> <!-- textInCaps -->
  <system-out/>
</testsuite> <!-- Selenium.ActionsClass -->
