<?xml version="1.0" encoding="UTF-8"?>
<!-- Generated by org.testng.reporters.JUnitReportReporter -->
<testsuite skipped="0" hostname="TECHMASST300004" name="RestAssured.RestAssured.Test_Delete" tests="1" failures="0" timestamp="2020-12-15T16:10:27 IST" time="3.128" errors="0">
  <testcase name="Test_02_PATCH" time="3.128" classname="RestAssured.RestAssured.Test_Delete"/>
  <system-out/>
</testsuite> <!-- RestAssured.RestAssured.Test_Delete -->
