<?xml version="1.0" encoding="UTF-8"?>
<!-- Generated by org.testng.reporters.JUnitReportReporter -->
<testsuite skipped="0" hostname="TECHMASST300004" name="Selenium.ChromeTest" tests="1" failures="0" timestamp="2020-12-22T16:34:40 IST" time="23.985" errors="0">
  <testcase name="ChromeTestMethod" time="23.985" classname="Selenium.ChromeTest"/>
  <system-out/>
</testsuite> <!-- Selenium.ChromeTest -->
